<?xml version="1.0" encoding="UTF-8"?>
<!-- Generated by org.testng.reporters.JUnitReportReporter -->
<testsuite hostname="LAPTOP-JSVPJAP6" failures="0" tests="1" name="com.companyname.project.module1.TC001_Get_Service1" time="0.010" errors="0" timestamp="2020-10-28T21:42:37 CDT" skipped="0">
  <testcase classname="com.companyname.project.module1.TC001_Get_Service1" name="checkCookies" time="0.010"/>
  <system-out/>
</testsuite> <!-- com.companyname.project.module1.TC001_Get_Service1 -->
