<?xml version="1.0" encoding="UTF-8"?>
<!-- Generated by org.testng.reporters.JUnitReportReporter -->
<testsuite hostname="LAPTOP-JSVPJAP6" failures="0" tests="1" name="com.companyname.project.module1.TC01_Get_SearchByCountryCode" time="15.851" errors="0" timestamp="2020-11-01T15:46:55 CST" skipped="0">
  <testcase classname="com.companyname.project.module1.TC01_Get_SearchByCountryCode" name="searchByCountrycodeTest" time="15.851"/>
  <system-out/>
</testsuite> <!-- com.companyname.project.module1.TC01_Get_SearchByCountryCode -->
